********************************************************************************
DUPLICATOR-LITE PACKAGE-LOG: April 26, 2019 7:19 am
NOTICE: Do NOT post to public sites or forums 
********************************************************************************
VERSION:	1.3.10
WORDPRESS:	5.0.4
PHP INFO:	7.2.10 | SAPI: apache2handler
SERVER:		Apache/2.2.34 (Unix) mod_wsgi/3.5 Python/2.7.13 PHP/7.2.10 mod_ssl/2.2.34 OpenSSL/1.0.2o DAV/2 mod_fastcgi/mod_fastcgi-SNAP-0910052141 mod_perl/2.0.9 Perl/v5.24.0 
PHP TIME LIMIT: (0) no time limit imposed 
PHP MAX MEMORY: 4294967296 (128M default) 
MEMORY STACK: 36.25MB 

********************************************************************************
DATABASE:
********************************************************************************
BUILD MODE:   PHP(query limit - 100)
MYSQLTIMEOUT: 5000
MYSQLDUMP:    Not Supported 
TABLES: total:13 | filtered:0 | create:13 
FILTERED: [] 
SQL CREATED: 20190426_sitetitle_5c12c652dee8d8162324_20190426071854_database.sql 
SQL FILE SIZE: 758.14KB (776336) 
SQL FILE TIME: 2019-04-26 07:19:03 
SQL RUNTIME: 0.22 sec. 

******************************************************************************** 
ARCHIVE (ZIP): 
******************************************************************************** 
ARCHIVE DIR:  /Applications/MAMP/htdocs/wordpress 
ARCHIVE FILE: 20190426_sitetitle_5c12c652dee8d8162324_20190426071854_archive.zip 
FILTERS: *OFF* 
DIRS:
	not set 
FILES:
	not set 
EXTS:  not set 
---------------------------------------- 
COMPRESSING 
SIZE:	70.78MB 
STATS:	Dirs 330 | Files 2,707 
SQL ADDED: 20190426_sitetitle_5c12c652dee8d8162324_20190426071854_database.sql 
ZipArchive Object
(
    [status] => 0
    [statusSys] => 0
    [numFiles] => 3037
    [filename] => /Applications/MAMP/htdocs/wordpress/wp-snapshots/tmp/20190426_sitetitle_5c12c652dee8d8162324_20190426071854_archive.zip
    [comment] => 
)
 
FILE ADDED TO ZIP: 3036 
COMPRESSION RESULT: '1' 
COMPRESSED SIZE: 26.85MB 
ARCHIVE RUNTIME: 8.42 sec. 
MEMORY STACK: 38.25MB 
building installer 
add_extra_files1 
add_extra_files2 
add_extra_files3 
add_extra_files4 
Doing archive file check 
add_extra_files5 
add_extra_files6 
add_extra_files8 
Successfully opened zip /Applications/MAMP/htdocs/wordpress/wp-snapshots/tmp/20190426_sitetitle_5c12c652dee8d8162324_20190426071854_archive.zip 
Adding enhanced installer files to archive using ZipArchive 
Installer files added to archive 
Added to archive 
After ziparchive close when adding installer 

******************************************************************************** 
INTEGRITY CHECKS: 
******************************************************************************** 
SQL FILE: 758.14KB 
INSTALLER FILE: 207.32KB 
ARCHIVE FILE: 27.79MB  
EXPECTED FILE/DIRECTORY COUNT: 3,037 
ACTUAL FILE/DIRECTORY COUNT: 3,036 
ARCHIVE CONSISTENCY TEST: Pass 

********************************************************************************
RECORD ID:[1]
TOTAL PROCESS RUNTIME: 9.98 sec.
PEAK PHP MEMORY USED: 38.25MB
DONE PROCESSING => 20190426_sitetitle April 26, 2019 7:19 am
 
